<?xml version="1.0" encoding="UTF-8"?>
<!-- Generated by org.testng.reporters.JUnitXMLReporter -->
<testsuite ignored="0" hostname="Vigneshwaran" failures="7" tests="10" name="ParallelTest_Firefox" time="483.962" errors="0" timestamp="2024-06-21T15:03:33 IST">
  <testcase classname="AmazonScenarios_ParallelTesting.Scenario1" name="Testcase1" time="7.446">
    <failure type="org.openqa.selenium.ElementNotInteractableException" message="Element &amp;lt;a class=&amp;quot;a-link-normal s-no-outline&amp;quot; href=&amp;quot;/sspa/click?ie=UTF8&amp;amp;spc=MTo2MzkzMDE0ODc1NzEyMTcyOjE3MTg5NjE5NTM6c3BfYXRmOjMwMDEyNTE0MTA0MjEzMjo6MDo6&amp;amp;url=%2FPower-Shoes-Color-Black-8596143%2Fdp%2FB0BN18J7LK%2Fref%3Dsr_1_1_sspa%3Fcrid%3DHNVP0I96Y6GN%26dib%3DeyJ2IjoiMSJ9.mCoj6l_PCCD8hUamnqPavyQeZoBEV3x1B1VpzB7DAbZacsj36X4d5yV75H2fYVK6AEumRO77SleA8L9Y9kut-N2kdN9NyfjE5NLlD3jXcPtukSusepK66uuOfTI2D98o6aBW8zFiQOQ57TE5VikXhoFhTBuAJVfBvExC5TCnFmnM408BSGCbTgqmXdvU4pjkdHS7-gDa4OE1gg6spTju6JVQkDBwLW6TyBk4k0NpO2hYqg84R7gDJHw-vVVUkoFRObQNNjpgxwHtW7dQq0xOBtNf9FHwHPeK_OWz7mdxytE.40jLF4ZPTJeRkTKTnxUhMP0IrjOqK7f8ZXWeFDHwBJs%26dib_tag%3Dse%26keywords%3Dshoe%26qid%3D1718961953%26sprefix%3Dshoe%252Caps%252C565%26sr%3D8-1-spons%26sp_csd%3Dd2lkZ2V0TmFtZT1zcF9hdGY%26psc%3D1&amp;quot;&amp;gt; could not be scrolled into view
Build info: version: &amp;apos;4.21.0&amp;apos;, revision: &amp;apos;79ed462ef4&amp;apos;
System info: os.name: &amp;apos;Windows 10&amp;apos;, os.arch: &amp;apos;amd64&amp;apos;, os.version: &amp;apos;10.0&amp;apos;, java.version: &amp;apos;17.0.10&amp;apos;
Driver info: org.openqa.selenium.firefox.FirefoxDriver
Command: [da9e5f2f-5231-4088-b5f7-4468c3b7365a, clickElement {id=de9ada77-05ef-4616-828f-687248d35c88}]
Capabilities {acceptInsecureCerts: true, browserName: firefox, browserVersion: 127.0.1, moz:accessibilityChecks: false, moz:buildID: 20240618110440, moz:debuggerAddress: 127.0.0.1:4886, moz:geckodriverVersion: 0.34.0, moz:headless: false, moz:platformVersion: 10.0, moz:processID: 26724, moz:profile: C:\Users\HP\AppData\Local\T..., moz:shutdownTimeout: 60000, moz:webdriverClick: true, moz:windowless: false, pageLoadStrategy: normal, platformName: windows, proxy: Proxy(), se:cdp: ws://127.0.0.1:4886/devtool..., se:cdpVersion: 85.0, setWindowRect: true, strictFileInteractability: false, timeouts: {implicit: 0, pageLoad: 300000, script: 30000}, unhandledPromptBehavior: dismiss and notify, userAgent: Mozilla/5.0 (Windows NT 10....}
Element: [[FirefoxDriver: firefox on windows (da9e5f2f-5231-4088-b5f7-4468c3b7365a)] -&amp;gt; xpath: (//a[@class=&amp;apos;a-link-normal s-no-outline&amp;apos;])[1]]
Session ID: da9e5f2f-5231-4088-b5f7-4468c3b7365a">
      <![CDATA[org.openqa.selenium.ElementNotInteractableException: Element <a class="a-link-normal s-no-outline" href="/sspa/click?ie=UTF8&spc=MTo2MzkzMDE0ODc1NzEyMTcyOjE3MTg5NjE5NTM6c3BfYXRmOjMwMDEyNTE0MTA0MjEzMjo6MDo6&url=%2FPower-Shoes-Color-Black-8596143%2Fdp%2FB0BN18J7LK%2Fref%3Dsr_1_1_sspa%3Fcrid%3DHNVP0I96Y6GN%26dib%3DeyJ2IjoiMSJ9.mCoj6l_PCCD8hUamnqPavyQeZoBEV3x1B1VpzB7DAbZacsj36X4d5yV75H2fYVK6AEumRO77SleA8L9Y9kut-N2kdN9NyfjE5NLlD3jXcPtukSusepK66uuOfTI2D98o6aBW8zFiQOQ57TE5VikXhoFhTBuAJVfBvExC5TCnFmnM408BSGCbTgqmXdvU4pjkdHS7-gDa4OE1gg6spTju6JVQkDBwLW6TyBk4k0NpO2hYqg84R7gDJHw-vVVUkoFRObQNNjpgxwHtW7dQq0xOBtNf9FHwHPeK_OWz7mdxytE.40jLF4ZPTJeRkTKTnxUhMP0IrjOqK7f8ZXWeFDHwBJs%26dib_tag%3Dse%26keywords%3Dshoe%26qid%3D1718961953%26sprefix%3Dshoe%252Caps%252C565%26sr%3D8-1-spons%26sp_csd%3Dd2lkZ2V0TmFtZT1zcF9hdGY%26psc%3D1"> could not be scrolled into view
Build info: version: '4.21.0', revision: '79ed462ef4'
System info: os.name: 'Windows 10', os.arch: 'amd64', os.version: '10.0', java.version: '17.0.10'
Driver info: org.openqa.selenium.firefox.FirefoxDriver
Command: [da9e5f2f-5231-4088-b5f7-4468c3b7365a, clickElement {id=de9ada77-05ef-4616-828f-687248d35c88}]
Capabilities {acceptInsecureCerts: true, browserName: firefox, browserVersion: 127.0.1, moz:accessibilityChecks: false, moz:buildID: 20240618110440, moz:debuggerAddress: 127.0.0.1:4886, moz:geckodriverVersion: 0.34.0, moz:headless: false, moz:platformVersion: 10.0, moz:processID: 26724, moz:profile: C:\Users\HP\AppData\Local\T..., moz:shutdownTimeout: 60000, moz:webdriverClick: true, moz:windowless: false, pageLoadStrategy: normal, platformName: windows, proxy: Proxy(), se:cdp: ws://127.0.0.1:4886/devtool..., se:cdpVersion: 85.0, setWindowRect: true, strictFileInteractability: false, timeouts: {implicit: 0, pageLoad: 300000, script: 30000}, unhandledPromptBehavior: dismiss and notify, userAgent: Mozilla/5.0 (Windows NT 10....}
Element: [[FirefoxDriver: firefox on windows (da9e5f2f-5231-4088-b5f7-4468c3b7365a)] -> xpath: (//a[@class='a-link-normal s-no-outline'])[1]]
Session ID: da9e5f2f-5231-4088-b5f7-4468c3b7365a
at org.openqa.selenium.remote.ErrorCodec.decode(ErrorCodec.java:167)
at org.openqa.selenium.remote.codec.w3c.W3CHttpResponseCodec.decode(W3CHttpResponseCodec.java:138)
at org.openqa.selenium.remote.codec.w3c.W3CHttpResponseCodec.decode(W3CHttpResponseCodec.java:50)
at org.openqa.selenium.remote.HttpCommandExecutor.execute(HttpCommandExecutor.java:190)
at org.openqa.selenium.remote.service.DriverCommandExecutor.invokeExecute(DriverCommandExecutor.java:216)
at org.openqa.selenium.remote.service.DriverCommandExecutor.execute(DriverCommandExecutor.java:174)
at org.openqa.selenium.remote.RemoteWebDriver.execute(RemoteWebDriver.java:518)
at org.openqa.selenium.remote.RemoteWebElement.execute(RemoteWebElement.java:223)
at org.openqa.selenium.remote.RemoteWebElement.click(RemoteWebElement.java:76)
at AmazonScenarios_ParallelTesting.Scenario1.Testcase1(Scenario1.java:19)
at java.base/java.util.ArrayList.forEach(ArrayList.java:1511)
at java.base/java.util.concurrent.FutureTask.run(FutureTask.java:264)
at java.base/java.util.concurrent.ThreadPoolExecutor.runWorker(ThreadPoolExecutor.java:1136)
at java.base/java.util.concurrent.ThreadPoolExecutor$Worker.run(ThreadPoolExecutor.java:635)
at java.base/java.lang.Thread.run(Thread.java:840)
... Removed 23 stack frames]]>
    </failure>
  </testcase> <!-- Testcase1 -->
  <testcase classname="AmazonScenarios_ParallelTesting.Scenario2" name="Testcase2" time="8.168">
    <failure type="org.openqa.selenium.ElementNotInteractableException" message="Element &amp;lt;a class=&amp;quot;a-link-normal s-no-outline&amp;quot; href=&amp;quot;/sspa/click?ie=UTF8&amp;amp;spc=MToyMDM3NjUwMTg1MjE4MTcyOjE3MTg5NjIwMDI6c3BfYXRmOjMwMDExODY0NjI2NDgzMjo6MDo6&amp;amp;url=%2FRedmi-Storage-Bezel-Less-Slimmest-Pro-Grade%2Fdp%2FB0CQPGG8KG%2Fref%3Dsr_1_1_sspa%3Fcrid%3DMGJ5I1XAUZI9%26dib%3DeyJ2IjoiMSJ9.y7M5hd-iDtOvnQOKpN9vDILe45e4H636lhkCHxwZo5BRcxKWwtzXfKOmpfs1sBgxwdjH_MdJUpr-ZrI0ura9QIUd2_MXDgaKvDLM0xahRLB0GRzooNwXgiFoij88mR8DlVf4fAKg3CISjDPk_M-MSF2Knn7SVaQIjVtgBBTA4FxDr7eFjg2u6IsDxqZv-kdQ1ZvfWnQByPyAMfHp7pBnswJZPDaYlyuVHjXbBDuDpe8.tm6odtgBjMhrzbivSXnuQsK2ftZY0YBSDZTSzBZJE2k%26dib_tag%3Dse%26keywords%3Dmobile%26qid%3D1718962002%26sprefix%3Dmobile%252Caps%252C1221%26sr%3D8-1-spons%26sp_csd%3Dd2lkZ2V0TmFtZT1zcF9hdGY%26psc%3D1&amp;quot;&amp;gt; could not be scrolled into view
Build info: version: &amp;apos;4.21.0&amp;apos;, revision: &amp;apos;79ed462ef4&amp;apos;
System info: os.name: &amp;apos;Windows 10&amp;apos;, os.arch: &amp;apos;amd64&amp;apos;, os.version: &amp;apos;10.0&amp;apos;, java.version: &amp;apos;17.0.10&amp;apos;
Driver info: org.openqa.selenium.firefox.FirefoxDriver
Command: [8495d55e-5188-4920-9e9d-22caa8c68628, clickElement {id=c15793f3-17e8-4d9a-a0e0-55a2ddb3623a}]
Capabilities {acceptInsecureCerts: true, browserName: firefox, browserVersion: 127.0.1, moz:accessibilityChecks: false, moz:buildID: 20240618110440, moz:debuggerAddress: 127.0.0.1:38344, moz:geckodriverVersion: 0.34.0, moz:headless: false, moz:platformVersion: 10.0, moz:processID: 16616, moz:profile: C:\Users\HP\AppData\Local\T..., moz:shutdownTimeout: 60000, moz:webdriverClick: true, moz:windowless: false, pageLoadStrategy: normal, platformName: windows, proxy: Proxy(), se:cdp: ws://127.0.0.1:38344/devtoo..., se:cdpVersion: 85.0, setWindowRect: true, strictFileInteractability: false, timeouts: {implicit: 0, pageLoad: 300000, script: 30000}, unhandledPromptBehavior: dismiss and notify, userAgent: Mozilla/5.0 (Windows NT 10....}
Element: [[FirefoxDriver: firefox on windows (8495d55e-5188-4920-9e9d-22caa8c68628)] -&amp;gt; xpath: (//a[@class=&amp;apos;a-link-normal s-no-outline&amp;apos;])[1]]
Session ID: 8495d55e-5188-4920-9e9d-22caa8c68628">
      <![CDATA[org.openqa.selenium.ElementNotInteractableException: Element <a class="a-link-normal s-no-outline" href="/sspa/click?ie=UTF8&spc=MToyMDM3NjUwMTg1MjE4MTcyOjE3MTg5NjIwMDI6c3BfYXRmOjMwMDExODY0NjI2NDgzMjo6MDo6&url=%2FRedmi-Storage-Bezel-Less-Slimmest-Pro-Grade%2Fdp%2FB0CQPGG8KG%2Fref%3Dsr_1_1_sspa%3Fcrid%3DMGJ5I1XAUZI9%26dib%3DeyJ2IjoiMSJ9.y7M5hd-iDtOvnQOKpN9vDILe45e4H636lhkCHxwZo5BRcxKWwtzXfKOmpfs1sBgxwdjH_MdJUpr-ZrI0ura9QIUd2_MXDgaKvDLM0xahRLB0GRzooNwXgiFoij88mR8DlVf4fAKg3CISjDPk_M-MSF2Knn7SVaQIjVtgBBTA4FxDr7eFjg2u6IsDxqZv-kdQ1ZvfWnQByPyAMfHp7pBnswJZPDaYlyuVHjXbBDuDpe8.tm6odtgBjMhrzbivSXnuQsK2ftZY0YBSDZTSzBZJE2k%26dib_tag%3Dse%26keywords%3Dmobile%26qid%3D1718962002%26sprefix%3Dmobile%252Caps%252C1221%26sr%3D8-1-spons%26sp_csd%3Dd2lkZ2V0TmFtZT1zcF9hdGY%26psc%3D1"> could not be scrolled into view
Build info: version: '4.21.0', revision: '79ed462ef4'
System info: os.name: 'Windows 10', os.arch: 'amd64', os.version: '10.0', java.version: '17.0.10'
Driver info: org.openqa.selenium.firefox.FirefoxDriver
Command: [8495d55e-5188-4920-9e9d-22caa8c68628, clickElement {id=c15793f3-17e8-4d9a-a0e0-55a2ddb3623a}]
Capabilities {acceptInsecureCerts: true, browserName: firefox, browserVersion: 127.0.1, moz:accessibilityChecks: false, moz:buildID: 20240618110440, moz:debuggerAddress: 127.0.0.1:38344, moz:geckodriverVersion: 0.34.0, moz:headless: false, moz:platformVersion: 10.0, moz:processID: 16616, moz:profile: C:\Users\HP\AppData\Local\T..., moz:shutdownTimeout: 60000, moz:webdriverClick: true, moz:windowless: false, pageLoadStrategy: normal, platformName: windows, proxy: Proxy(), se:cdp: ws://127.0.0.1:38344/devtoo..., se:cdpVersion: 85.0, setWindowRect: true, strictFileInteractability: false, timeouts: {implicit: 0, pageLoad: 300000, script: 30000}, unhandledPromptBehavior: dismiss and notify, userAgent: Mozilla/5.0 (Windows NT 10....}
Element: [[FirefoxDriver: firefox on windows (8495d55e-5188-4920-9e9d-22caa8c68628)] -> xpath: (//a[@class='a-link-normal s-no-outline'])[1]]
Session ID: 8495d55e-5188-4920-9e9d-22caa8c68628
at org.openqa.selenium.remote.ErrorCodec.decode(ErrorCodec.java:167)
at org.openqa.selenium.remote.codec.w3c.W3CHttpResponseCodec.decode(W3CHttpResponseCodec.java:138)
at org.openqa.selenium.remote.codec.w3c.W3CHttpResponseCodec.decode(W3CHttpResponseCodec.java:50)
at org.openqa.selenium.remote.HttpCommandExecutor.execute(HttpCommandExecutor.java:190)
at org.openqa.selenium.remote.service.DriverCommandExecutor.invokeExecute(DriverCommandExecutor.java:216)
at org.openqa.selenium.remote.service.DriverCommandExecutor.execute(DriverCommandExecutor.java:174)
at org.openqa.selenium.remote.RemoteWebDriver.execute(RemoteWebDriver.java:518)
at org.openqa.selenium.remote.RemoteWebElement.execute(RemoteWebElement.java:223)
at org.openqa.selenium.remote.RemoteWebElement.click(RemoteWebElement.java:76)
at AmazonScenarios_ParallelTesting.Scenario2.Testcase2(Scenario2.java:18)
at java.base/java.util.ArrayList.forEach(ArrayList.java:1511)
at java.base/java.util.concurrent.FutureTask.run(FutureTask.java:264)
at java.base/java.util.concurrent.ThreadPoolExecutor.runWorker(ThreadPoolExecutor.java:1136)
at java.base/java.util.concurrent.ThreadPoolExecutor$Worker.run(ThreadPoolExecutor.java:635)
at java.base/java.lang.Thread.run(Thread.java:840)
... Removed 23 stack frames]]>
    </failure>
  </testcase> <!-- Testcase2 -->
  <testcase classname="AmazonScenarios_ParallelTesting.Scenario3" name="Testcase3" time="10.129">
    <failure type="org.openqa.selenium.ElementNotInteractableException" message="Element &amp;lt;a class=&amp;quot;a-link-normal s-no-outline&amp;quot; href=&amp;quot;/Dell-MS116-1000DPI-Wired-Optical/dp/B01HJI0FS2/ref=sr_1_1?dib=eyJ2IjoiMSJ9.W8tZFxtJZ03BapPcF9pH7sAaCdS7DTfYvpIrm17tjCLjKInYwAwZCbg5ud_dAEr8y1PGlXPQZ0ARuOJzMskj8nKbsTEmT0G1SGmUUpekx833Vwh2YH90AgVTOum-Ild3Tuj2YImErkNQxKTtcfzK54rkPPjG4RQYBs6WZcRV4MdGrVgeyN_HW--PW22t6-P-gq6a-mloyWy0MVwzDPUaUFWK6ajiR1laQ_p9irrCmXU.7ClbFEeWMsL1tS9-bEPqxJmLkjKECEscT9Tn6T4C2qo&amp;amp;dib_tag=se&amp;amp;keywords=mouse&amp;amp;qid=1718962039&amp;amp;refinements=p_90%3A20912642031&amp;amp;rnid=6741116031&amp;amp;sr=8-1&amp;quot;&amp;gt; could not be scrolled into view
Build info: version: &amp;apos;4.21.0&amp;apos;, revision: &amp;apos;79ed462ef4&amp;apos;
System info: os.name: &amp;apos;Windows 10&amp;apos;, os.arch: &amp;apos;amd64&amp;apos;, os.version: &amp;apos;10.0&amp;apos;, java.version: &amp;apos;17.0.10&amp;apos;
Driver info: org.openqa.selenium.firefox.FirefoxDriver
Command: [9bad0bf1-2fc0-438f-b4e6-1679b3a09ba7, clickElement {id=ee7b845f-f4c2-4cc0-b191-c6dbf616c6f9}]
Capabilities {acceptInsecureCerts: true, browserName: firefox, browserVersion: 127.0.1, moz:accessibilityChecks: false, moz:buildID: 20240618110440, moz:debuggerAddress: 127.0.0.1:35218, moz:geckodriverVersion: 0.34.0, moz:headless: false, moz:platformVersion: 10.0, moz:processID: 20496, moz:profile: C:\Users\HP\AppData\Local\T..., moz:shutdownTimeout: 60000, moz:webdriverClick: true, moz:windowless: false, pageLoadStrategy: normal, platformName: windows, proxy: Proxy(), se:cdp: ws://127.0.0.1:35218/devtoo..., se:cdpVersion: 85.0, setWindowRect: true, strictFileInteractability: false, timeouts: {implicit: 0, pageLoad: 300000, script: 30000}, unhandledPromptBehavior: dismiss and notify, userAgent: Mozilla/5.0 (Windows NT 10....}
Element: [[FirefoxDriver: firefox on windows (9bad0bf1-2fc0-438f-b4e6-1679b3a09ba7)] -&amp;gt; xpath: (//a[@class=&amp;apos;a-link-normal s-no-outline&amp;apos;])[2]]
Session ID: 9bad0bf1-2fc0-438f-b4e6-1679b3a09ba7">
      <![CDATA[org.openqa.selenium.ElementNotInteractableException: Element <a class="a-link-normal s-no-outline" href="/Dell-MS116-1000DPI-Wired-Optical/dp/B01HJI0FS2/ref=sr_1_1?dib=eyJ2IjoiMSJ9.W8tZFxtJZ03BapPcF9pH7sAaCdS7DTfYvpIrm17tjCLjKInYwAwZCbg5ud_dAEr8y1PGlXPQZ0ARuOJzMskj8nKbsTEmT0G1SGmUUpekx833Vwh2YH90AgVTOum-Ild3Tuj2YImErkNQxKTtcfzK54rkPPjG4RQYBs6WZcRV4MdGrVgeyN_HW--PW22t6-P-gq6a-mloyWy0MVwzDPUaUFWK6ajiR1laQ_p9irrCmXU.7ClbFEeWMsL1tS9-bEPqxJmLkjKECEscT9Tn6T4C2qo&dib_tag=se&keywords=mouse&qid=1718962039&refinements=p_90%3A20912642031&rnid=6741116031&sr=8-1"> could not be scrolled into view
Build info: version: '4.21.0', revision: '79ed462ef4'
System info: os.name: 'Windows 10', os.arch: 'amd64', os.version: '10.0', java.version: '17.0.10'
Driver info: org.openqa.selenium.firefox.FirefoxDriver
Command: [9bad0bf1-2fc0-438f-b4e6-1679b3a09ba7, clickElement {id=ee7b845f-f4c2-4cc0-b191-c6dbf616c6f9}]
Capabilities {acceptInsecureCerts: true, browserName: firefox, browserVersion: 127.0.1, moz:accessibilityChecks: false, moz:buildID: 20240618110440, moz:debuggerAddress: 127.0.0.1:35218, moz:geckodriverVersion: 0.34.0, moz:headless: false, moz:platformVersion: 10.0, moz:processID: 20496, moz:profile: C:\Users\HP\AppData\Local\T..., moz:shutdownTimeout: 60000, moz:webdriverClick: true, moz:windowless: false, pageLoadStrategy: normal, platformName: windows, proxy: Proxy(), se:cdp: ws://127.0.0.1:35218/devtoo..., se:cdpVersion: 85.0, setWindowRect: true, strictFileInteractability: false, timeouts: {implicit: 0, pageLoad: 300000, script: 30000}, unhandledPromptBehavior: dismiss and notify, userAgent: Mozilla/5.0 (Windows NT 10....}
Element: [[FirefoxDriver: firefox on windows (9bad0bf1-2fc0-438f-b4e6-1679b3a09ba7)] -> xpath: (//a[@class='a-link-normal s-no-outline'])[2]]
Session ID: 9bad0bf1-2fc0-438f-b4e6-1679b3a09ba7
at org.openqa.selenium.remote.ErrorCodec.decode(ErrorCodec.java:167)
at org.openqa.selenium.remote.codec.w3c.W3CHttpResponseCodec.decode(W3CHttpResponseCodec.java:138)
at org.openqa.selenium.remote.codec.w3c.W3CHttpResponseCodec.decode(W3CHttpResponseCodec.java:50)
at org.openqa.selenium.remote.HttpCommandExecutor.execute(HttpCommandExecutor.java:190)
at org.openqa.selenium.remote.service.DriverCommandExecutor.invokeExecute(DriverCommandExecutor.java:216)
at org.openqa.selenium.remote.service.DriverCommandExecutor.execute(DriverCommandExecutor.java:174)
at org.openqa.selenium.remote.RemoteWebDriver.execute(RemoteWebDriver.java:518)
at org.openqa.selenium.remote.RemoteWebElement.execute(RemoteWebElement.java:223)
at org.openqa.selenium.remote.RemoteWebElement.click(RemoteWebElement.java:76)
at AmazonScenarios_ParallelTesting.Scenario3.Testcase3(Scenario3.java:20)
at java.base/java.util.ArrayList.forEach(ArrayList.java:1511)
at java.base/java.util.concurrent.FutureTask.run(FutureTask.java:264)
at java.base/java.util.concurrent.ThreadPoolExecutor.runWorker(ThreadPoolExecutor.java:1136)
at java.base/java.util.concurrent.ThreadPoolExecutor$Worker.run(ThreadPoolExecutor.java:635)
at java.base/java.lang.Thread.run(Thread.java:840)
... Removed 23 stack frames]]>
    </failure>
  </testcase> <!-- Testcase3 -->
  <testcase classname="AmazonScenarios_ParallelTesting.Scenario4" name="Testcase4" time="18.313">
    <failure type="org.openqa.selenium.NoSuchElementException" message="Unable to locate element: Include Out of Stock
For documentation on this error, please visit: https://www.selenium.dev/documentation/webdriver/troubleshooting/errors#no-such-element-exception
Build info: version: &amp;apos;4.21.0&amp;apos;, revision: &amp;apos;79ed462ef4&amp;apos;
System info: os.name: &amp;apos;Windows 10&amp;apos;, os.arch: &amp;apos;amd64&amp;apos;, os.version: &amp;apos;10.0&amp;apos;, java.version: &amp;apos;17.0.10&amp;apos;
Driver info: org.openqa.selenium.firefox.FirefoxDriver
Command: [d9a1b6c9-6229-4a0a-bbd0-dc957aee60e7, findElement {using=link text, value=Include Out of Stock}]
Capabilities {acceptInsecureCerts: true, browserName: firefox, browserVersion: 127.0.1, moz:accessibilityChecks: false, moz:buildID: 20240618110440, moz:debuggerAddress: 127.0.0.1:22991, moz:geckodriverVersion: 0.34.0, moz:headless: false, moz:platformVersion: 10.0, moz:processID: 27632, moz:profile: C:\Users\HP\AppData\Local\T..., moz:shutdownTimeout: 60000, moz:webdriverClick: true, moz:windowless: false, pageLoadStrategy: normal, platformName: windows, proxy: Proxy(), se:cdp: ws://127.0.0.1:22991/devtoo..., se:cdpVersion: 85.0, setWindowRect: true, strictFileInteractability: false, timeouts: {implicit: 0, pageLoad: 300000, script: 30000}, unhandledPromptBehavior: dismiss and notify, userAgent: Mozilla/5.0 (Windows NT 10....}
Session ID: d9a1b6c9-6229-4a0a-bbd0-dc957aee60e7">
      <![CDATA[org.openqa.selenium.NoSuchElementException: Unable to locate element: Include Out of Stock
For documentation on this error, please visit: https://www.selenium.dev/documentation/webdriver/troubleshooting/errors#no-such-element-exception
Build info: version: '4.21.0', revision: '79ed462ef4'
System info: os.name: 'Windows 10', os.arch: 'amd64', os.version: '10.0', java.version: '17.0.10'
Driver info: org.openqa.selenium.firefox.FirefoxDriver
Command: [d9a1b6c9-6229-4a0a-bbd0-dc957aee60e7, findElement {using=link text, value=Include Out of Stock}]
Capabilities {acceptInsecureCerts: true, browserName: firefox, browserVersion: 127.0.1, moz:accessibilityChecks: false, moz:buildID: 20240618110440, moz:debuggerAddress: 127.0.0.1:22991, moz:geckodriverVersion: 0.34.0, moz:headless: false, moz:platformVersion: 10.0, moz:processID: 27632, moz:profile: C:\Users\HP\AppData\Local\T..., moz:shutdownTimeout: 60000, moz:webdriverClick: true, moz:windowless: false, pageLoadStrategy: normal, platformName: windows, proxy: Proxy(), se:cdp: ws://127.0.0.1:22991/devtoo..., se:cdpVersion: 85.0, setWindowRect: true, strictFileInteractability: false, timeouts: {implicit: 0, pageLoad: 300000, script: 30000}, unhandledPromptBehavior: dismiss and notify, userAgent: Mozilla/5.0 (Windows NT 10....}
Session ID: d9a1b6c9-6229-4a0a-bbd0-dc957aee60e7
at org.openqa.selenium.remote.ErrorCodec.decode(ErrorCodec.java:167)
at org.openqa.selenium.remote.codec.w3c.W3CHttpResponseCodec.decode(W3CHttpResponseCodec.java:138)
at org.openqa.selenium.remote.codec.w3c.W3CHttpResponseCodec.decode(W3CHttpResponseCodec.java:50)
at org.openqa.selenium.remote.HttpCommandExecutor.execute(HttpCommandExecutor.java:190)
at org.openqa.selenium.remote.service.DriverCommandExecutor.invokeExecute(DriverCommandExecutor.java:216)
at org.openqa.selenium.remote.service.DriverCommandExecutor.execute(DriverCommandExecutor.java:174)
at org.openqa.selenium.remote.RemoteWebDriver.execute(RemoteWebDriver.java:518)
at org.openqa.selenium.remote.ElementLocation$ElementFinder$2.findElement(ElementLocation.java:165)
at org.openqa.selenium.remote.ElementLocation.findElement(ElementLocation.java:59)
at org.openqa.selenium.remote.RemoteWebDriver.findElement(RemoteWebDriver.java:355)
at org.openqa.selenium.remote.RemoteWebDriver.findElement(RemoteWebDriver.java:349)
at AmazonScenarios_ParallelTesting.Scenario4.Testcase4(Scenario4.java:17)
at java.base/java.util.ArrayList.forEach(ArrayList.java:1511)
at java.base/java.util.concurrent.FutureTask.run(FutureTask.java:264)
at java.base/java.util.concurrent.ThreadPoolExecutor.runWorker(ThreadPoolExecutor.java:1136)
at java.base/java.util.concurrent.ThreadPoolExecutor$Worker.run(ThreadPoolExecutor.java:635)
at java.base/java.lang.Thread.run(Thread.java:840)
... Removed 23 stack frames]]>
    </failure>
  </testcase> <!-- Testcase4 -->
  <testcase classname="AmazonScenarios_ParallelTesting.Scenario5" name="Testcase5" time="3.345">
    <failure type="org.openqa.selenium.ElementNotInteractableException" message="Element &amp;lt;a class=&amp;quot;a-link-normal s-no-outline&amp;quot; href=&amp;quot;/sspa/click?ie=UTF8&amp;amp;spc=MTo2NDM2MzM3Njk3NDQxNzI6MTcxODk2MjEyMzpzcF9zZWFyY2hfdGhlbWF0aWNfYnRmOjMwMDE0MjU3MDU5NzMzMjo6Mzo6&amp;amp;url=%2FConbre-RoboXR-Security-Camera-communication%2Fdp%2FB0CWTDWGZF%2Fref%3Dsxbs_pa_sp_search_thematic_btf_sspa%3Fcontent-id%3Damzn1.sym.e2faeae3-5951-42bc-a1a4-e628c23c9e02%253Aamzn1.sym.e2faeae3-5951-42bc-a1a4-e628c23c9e02%26cv_ct_cx%3Dcamera%26dib%3DeyJ2IjoiMSJ9.rn_bylJqTGJJg7MSG-Z-Tq4Dub-vJuqou_jGzGXC2FtLOjQOMGnJcToTlnlmUfAWoQcapUeV3cozR5JrUN1CSQ.yCNAu-cRYdYtHimoQ8ZoH9Rd1omK2SXnhSVAg0HS-_I%26dib_tag%3Dse%26keywords%3Dcamera%26pd_rd_i%3DB0CWTDWGZF%26pd_rd_r%3D2528c87e-f9fb-4235-a1ce-44d6875023a3%26pd_rd_w%3Di8cHd%26pd_rd_wg%3DyUVsV%26pf_rd_p%3De2faeae3-5951-42bc-a1a4-e628c23c9e02%26pf_rd_r%3DRVZABR33JB1GAXSPHK39%26qid%3D1718962123%26sbo%3DRZvfv%252F%252FHxDF%252BO5021pAnSA%253D%253D%26sr%3D1-4-2907eac4-8056-42c7-8014-fdf7bd4c5395-spons%26sp_csd%3Dd2lkZ2V0TmFtZT1zcF9zZWFyY2hfdGhlbWF0aWNfYnRm%26psc%3D1&amp;quot;&amp;gt; could not be scrolled into view
Build info: version: &amp;apos;4.21.0&amp;apos;, revision: &amp;apos;79ed462ef4&amp;apos;
System info: os.name: &amp;apos;Windows 10&amp;apos;, os.arch: &amp;apos;amd64&amp;apos;, os.version: &amp;apos;10.0&amp;apos;, java.version: &amp;apos;17.0.10&amp;apos;
Driver info: org.openqa.selenium.firefox.FirefoxDriver
Command: [67a1e893-e231-4301-b73d-3332f485f4eb, clickElement {id=a3f9131d-9ee2-4368-8580-d01292df0437}]
Capabilities {acceptInsecureCerts: true, browserName: firefox, browserVersion: 127.0.1, moz:accessibilityChecks: false, moz:buildID: 20240618110440, moz:debuggerAddress: 127.0.0.1:38726, moz:geckodriverVersion: 0.34.0, moz:headless: false, moz:platformVersion: 10.0, moz:processID: 29052, moz:profile: C:\Users\HP\AppData\Local\T..., moz:shutdownTimeout: 60000, moz:webdriverClick: true, moz:windowless: false, pageLoadStrategy: normal, platformName: windows, proxy: Proxy(), se:cdp: ws://127.0.0.1:38726/devtoo..., se:cdpVersion: 85.0, setWindowRect: true, strictFileInteractability: false, timeouts: {implicit: 0, pageLoad: 300000, script: 30000}, unhandledPromptBehavior: dismiss and notify, userAgent: Mozilla/5.0 (Windows NT 10....}
Element: [[FirefoxDriver: firefox on windows (67a1e893-e231-4301-b73d-3332f485f4eb)] -&amp;gt; xpath: (//a[@class=&amp;apos;a-link-normal s-no-outline&amp;apos;])[33]]
Session ID: 67a1e893-e231-4301-b73d-3332f485f4eb">
      <![CDATA[org.openqa.selenium.ElementNotInteractableException: Element <a class="a-link-normal s-no-outline" href="/sspa/click?ie=UTF8&spc=MTo2NDM2MzM3Njk3NDQxNzI6MTcxODk2MjEyMzpzcF9zZWFyY2hfdGhlbWF0aWNfYnRmOjMwMDE0MjU3MDU5NzMzMjo6Mzo6&url=%2FConbre-RoboXR-Security-Camera-communication%2Fdp%2FB0CWTDWGZF%2Fref%3Dsxbs_pa_sp_search_thematic_btf_sspa%3Fcontent-id%3Damzn1.sym.e2faeae3-5951-42bc-a1a4-e628c23c9e02%253Aamzn1.sym.e2faeae3-5951-42bc-a1a4-e628c23c9e02%26cv_ct_cx%3Dcamera%26dib%3DeyJ2IjoiMSJ9.rn_bylJqTGJJg7MSG-Z-Tq4Dub-vJuqou_jGzGXC2FtLOjQOMGnJcToTlnlmUfAWoQcapUeV3cozR5JrUN1CSQ.yCNAu-cRYdYtHimoQ8ZoH9Rd1omK2SXnhSVAg0HS-_I%26dib_tag%3Dse%26keywords%3Dcamera%26pd_rd_i%3DB0CWTDWGZF%26pd_rd_r%3D2528c87e-f9fb-4235-a1ce-44d6875023a3%26pd_rd_w%3Di8cHd%26pd_rd_wg%3DyUVsV%26pf_rd_p%3De2faeae3-5951-42bc-a1a4-e628c23c9e02%26pf_rd_r%3DRVZABR33JB1GAXSPHK39%26qid%3D1718962123%26sbo%3DRZvfv%252F%252FHxDF%252BO5021pAnSA%253D%253D%26sr%3D1-4-2907eac4-8056-42c7-8014-fdf7bd4c5395-spons%26sp_csd%3Dd2lkZ2V0TmFtZT1zcF9zZWFyY2hfdGhlbWF0aWNfYnRm%26psc%3D1"> could not be scrolled into view
Build info: version: '4.21.0', revision: '79ed462ef4'
System info: os.name: 'Windows 10', os.arch: 'amd64', os.version: '10.0', java.version: '17.0.10'
Driver info: org.openqa.selenium.firefox.FirefoxDriver
Command: [67a1e893-e231-4301-b73d-3332f485f4eb, clickElement {id=a3f9131d-9ee2-4368-8580-d01292df0437}]
Capabilities {acceptInsecureCerts: true, browserName: firefox, browserVersion: 127.0.1, moz:accessibilityChecks: false, moz:buildID: 20240618110440, moz:debuggerAddress: 127.0.0.1:38726, moz:geckodriverVersion: 0.34.0, moz:headless: false, moz:platformVersion: 10.0, moz:processID: 29052, moz:profile: C:\Users\HP\AppData\Local\T..., moz:shutdownTimeout: 60000, moz:webdriverClick: true, moz:windowless: false, pageLoadStrategy: normal, platformName: windows, proxy: Proxy(), se:cdp: ws://127.0.0.1:38726/devtoo..., se:cdpVersion: 85.0, setWindowRect: true, strictFileInteractability: false, timeouts: {implicit: 0, pageLoad: 300000, script: 30000}, unhandledPromptBehavior: dismiss and notify, userAgent: Mozilla/5.0 (Windows NT 10....}
Element: [[FirefoxDriver: firefox on windows (67a1e893-e231-4301-b73d-3332f485f4eb)] -> xpath: (//a[@class='a-link-normal s-no-outline'])[33]]
Session ID: 67a1e893-e231-4301-b73d-3332f485f4eb
at org.openqa.selenium.remote.ErrorCodec.decode(ErrorCodec.java:167)
at org.openqa.selenium.remote.codec.w3c.W3CHttpResponseCodec.decode(W3CHttpResponseCodec.java:138)
at org.openqa.selenium.remote.codec.w3c.W3CHttpResponseCodec.decode(W3CHttpResponseCodec.java:50)
at org.openqa.selenium.remote.HttpCommandExecutor.execute(HttpCommandExecutor.java:190)
at org.openqa.selenium.remote.service.DriverCommandExecutor.invokeExecute(DriverCommandExecutor.java:216)
at org.openqa.selenium.remote.service.DriverCommandExecutor.execute(DriverCommandExecutor.java:174)
at org.openqa.selenium.remote.RemoteWebDriver.execute(RemoteWebDriver.java:518)
at org.openqa.selenium.remote.RemoteWebElement.execute(RemoteWebElement.java:223)
at org.openqa.selenium.remote.RemoteWebElement.click(RemoteWebElement.java:76)
at AmazonScenarios_ParallelTesting.Scenario5.Testcase5(Scenario5.java:18)
at java.base/java.util.ArrayList.forEach(ArrayList.java:1511)
at java.base/java.util.concurrent.FutureTask.run(FutureTask.java:264)
at java.base/java.util.concurrent.ThreadPoolExecutor.runWorker(ThreadPoolExecutor.java:1136)
at java.base/java.util.concurrent.ThreadPoolExecutor$Worker.run(ThreadPoolExecutor.java:635)
at java.base/java.lang.Thread.run(Thread.java:840)
... Removed 23 stack frames]]>
    </failure>
  </testcase> <!-- Testcase5 -->
  <testcase classname="AmazonScenarios_ParallelTesting.Scenario6" name="Testcase6" time="21.158"/>
  <testcase classname="AmazonScenarios_ParallelTesting.Scenario7" name="Testcase7" time="6.864">
    <failure type="org.openqa.selenium.ElementNotInteractableException" message="Element &amp;lt;option&amp;gt; could not be scrolled into view
Build info: version: &amp;apos;4.21.0&amp;apos;, revision: &amp;apos;79ed462ef4&amp;apos;
System info: os.name: &amp;apos;Windows 10&amp;apos;, os.arch: &amp;apos;amd64&amp;apos;, os.version: &amp;apos;10.0&amp;apos;, java.version: &amp;apos;17.0.10&amp;apos;
Driver info: org.openqa.selenium.firefox.FirefoxDriver
Command: [1bbf97d1-c79a-4937-9175-dc072022d166, clickElement {id=4d427396-6870-4317-9227-01c95da54027}]
Capabilities {acceptInsecureCerts: true, browserName: firefox, browserVersion: 127.0.1, moz:accessibilityChecks: false, moz:buildID: 20240618110440, moz:debuggerAddress: 127.0.0.1:31540, moz:geckodriverVersion: 0.34.0, moz:headless: false, moz:platformVersion: 10.0, moz:processID: 29268, moz:profile: C:\Users\HP\AppData\Local\T..., moz:shutdownTimeout: 60000, moz:webdriverClick: true, moz:windowless: false, pageLoadStrategy: normal, platformName: windows, proxy: Proxy(), se:cdp: ws://127.0.0.1:31540/devtoo..., se:cdpVersion: 85.0, setWindowRect: true, strictFileInteractability: false, timeouts: {implicit: 0, pageLoad: 300000, script: 30000}, unhandledPromptBehavior: dismiss and notify, userAgent: Mozilla/5.0 (Windows NT 10....}
Element: [[[[FirefoxDriver: firefox on windows (1bbf97d1-c79a-4937-9175-dc072022d166)] -&amp;gt; id: searchDropdownBox]] -&amp;gt; xpath: .//option[@value = &amp;quot;search-alias=nowstore&amp;quot;]]
Session ID: 1bbf97d1-c79a-4937-9175-dc072022d166">
      <![CDATA[org.openqa.selenium.ElementNotInteractableException: Element <option> could not be scrolled into view
Build info: version: '4.21.0', revision: '79ed462ef4'
System info: os.name: 'Windows 10', os.arch: 'amd64', os.version: '10.0', java.version: '17.0.10'
Driver info: org.openqa.selenium.firefox.FirefoxDriver
Command: [1bbf97d1-c79a-4937-9175-dc072022d166, clickElement {id=4d427396-6870-4317-9227-01c95da54027}]
Capabilities {acceptInsecureCerts: true, browserName: firefox, browserVersion: 127.0.1, moz:accessibilityChecks: false, moz:buildID: 20240618110440, moz:debuggerAddress: 127.0.0.1:31540, moz:geckodriverVersion: 0.34.0, moz:headless: false, moz:platformVersion: 10.0, moz:processID: 29268, moz:profile: C:\Users\HP\AppData\Local\T..., moz:shutdownTimeout: 60000, moz:webdriverClick: true, moz:windowless: false, pageLoadStrategy: normal, platformName: windows, proxy: Proxy(), se:cdp: ws://127.0.0.1:31540/devtoo..., se:cdpVersion: 85.0, setWindowRect: true, strictFileInteractability: false, timeouts: {implicit: 0, pageLoad: 300000, script: 30000}, unhandledPromptBehavior: dismiss and notify, userAgent: Mozilla/5.0 (Windows NT 10....}
Element: [[[[FirefoxDriver: firefox on windows (1bbf97d1-c79a-4937-9175-dc072022d166)] -> id: searchDropdownBox]] -> xpath: .//option[@value = "search-alias=nowstore"]]
Session ID: 1bbf97d1-c79a-4937-9175-dc072022d166
at org.openqa.selenium.remote.ErrorCodec.decode(ErrorCodec.java:167)
at org.openqa.selenium.remote.codec.w3c.W3CHttpResponseCodec.decode(W3CHttpResponseCodec.java:138)
at org.openqa.selenium.remote.codec.w3c.W3CHttpResponseCodec.decode(W3CHttpResponseCodec.java:50)
at org.openqa.selenium.remote.HttpCommandExecutor.execute(HttpCommandExecutor.java:190)
at org.openqa.selenium.remote.service.DriverCommandExecutor.invokeExecute(DriverCommandExecutor.java:216)
at org.openqa.selenium.remote.service.DriverCommandExecutor.execute(DriverCommandExecutor.java:174)
at org.openqa.selenium.remote.RemoteWebDriver.execute(RemoteWebDriver.java:518)
at org.openqa.selenium.remote.RemoteWebElement.execute(RemoteWebElement.java:223)
at org.openqa.selenium.remote.RemoteWebElement.click(RemoteWebElement.java:76)
at org.openqa.selenium.support.ui.Select.setSelected(Select.java:315)
at org.openqa.selenium.support.ui.Select.selectByValue(Select.java:195)
at AmazonScenarios_ParallelTesting.Scenario7.Testcase7(Scenario7.java:17)
at java.base/java.util.ArrayList.forEach(ArrayList.java:1511)
at java.base/java.util.concurrent.FutureTask.run(FutureTask.java:264)
at java.base/java.util.concurrent.ThreadPoolExecutor.runWorker(ThreadPoolExecutor.java:1136)
at java.base/java.util.concurrent.ThreadPoolExecutor$Worker.run(ThreadPoolExecutor.java:635)
at java.base/java.lang.Thread.run(Thread.java:840)
... Removed 23 stack frames]]>
    </failure>
  </testcase> <!-- Testcase7 -->
  <testcase classname="AmazonScenarios_ParallelTesting.Scenario8" name="Testcase8" time="3.324">
    <failure type="org.openqa.selenium.ElementNotInteractableException" message="Element &amp;lt;option&amp;gt; could not be scrolled into view
Build info: version: &amp;apos;4.21.0&amp;apos;, revision: &amp;apos;79ed462ef4&amp;apos;
System info: os.name: &amp;apos;Windows 10&amp;apos;, os.arch: &amp;apos;amd64&amp;apos;, os.version: &amp;apos;10.0&amp;apos;, java.version: &amp;apos;17.0.10&amp;apos;
Driver info: org.openqa.selenium.firefox.FirefoxDriver
Command: [eeccfa3a-7d4a-4f15-b040-761d88dc7330, clickElement {id=4ec3e967-8a31-42ff-b9ba-6c1c9449b6bd}]
Capabilities {acceptInsecureCerts: true, browserName: firefox, browserVersion: 127.0.1, moz:accessibilityChecks: false, moz:buildID: 20240618110440, moz:debuggerAddress: 127.0.0.1:47755, moz:geckodriverVersion: 0.34.0, moz:headless: false, moz:platformVersion: 10.0, moz:processID: 34712, moz:profile: C:\Users\HP\AppData\Local\T..., moz:shutdownTimeout: 60000, moz:webdriverClick: true, moz:windowless: false, pageLoadStrategy: normal, platformName: windows, proxy: Proxy(), se:cdp: ws://127.0.0.1:47755/devtoo..., se:cdpVersion: 85.0, setWindowRect: true, strictFileInteractability: false, timeouts: {implicit: 0, pageLoad: 300000, script: 30000}, unhandledPromptBehavior: dismiss and notify, userAgent: Mozilla/5.0 (Windows NT 10....}
Element: [[[[FirefoxDriver: firefox on windows (eeccfa3a-7d4a-4f15-b040-761d88dc7330)] -&amp;gt; id: searchDropdownBox]] -&amp;gt; xpath: .//option[@value = &amp;quot;search-alias=stripbooks&amp;quot;]]
Session ID: eeccfa3a-7d4a-4f15-b040-761d88dc7330">
      <![CDATA[org.openqa.selenium.ElementNotInteractableException: Element <option> could not be scrolled into view
Build info: version: '4.21.0', revision: '79ed462ef4'
System info: os.name: 'Windows 10', os.arch: 'amd64', os.version: '10.0', java.version: '17.0.10'
Driver info: org.openqa.selenium.firefox.FirefoxDriver
Command: [eeccfa3a-7d4a-4f15-b040-761d88dc7330, clickElement {id=4ec3e967-8a31-42ff-b9ba-6c1c9449b6bd}]
Capabilities {acceptInsecureCerts: true, browserName: firefox, browserVersion: 127.0.1, moz:accessibilityChecks: false, moz:buildID: 20240618110440, moz:debuggerAddress: 127.0.0.1:47755, moz:geckodriverVersion: 0.34.0, moz:headless: false, moz:platformVersion: 10.0, moz:processID: 34712, moz:profile: C:\Users\HP\AppData\Local\T..., moz:shutdownTimeout: 60000, moz:webdriverClick: true, moz:windowless: false, pageLoadStrategy: normal, platformName: windows, proxy: Proxy(), se:cdp: ws://127.0.0.1:47755/devtoo..., se:cdpVersion: 85.0, setWindowRect: true, strictFileInteractability: false, timeouts: {implicit: 0, pageLoad: 300000, script: 30000}, unhandledPromptBehavior: dismiss and notify, userAgent: Mozilla/5.0 (Windows NT 10....}
Element: [[[[FirefoxDriver: firefox on windows (eeccfa3a-7d4a-4f15-b040-761d88dc7330)] -> id: searchDropdownBox]] -> xpath: .//option[@value = "search-alias=stripbooks"]]
Session ID: eeccfa3a-7d4a-4f15-b040-761d88dc7330
at org.openqa.selenium.remote.ErrorCodec.decode(ErrorCodec.java:167)
at org.openqa.selenium.remote.codec.w3c.W3CHttpResponseCodec.decode(W3CHttpResponseCodec.java:138)
at org.openqa.selenium.remote.codec.w3c.W3CHttpResponseCodec.decode(W3CHttpResponseCodec.java:50)
at org.openqa.selenium.remote.HttpCommandExecutor.execute(HttpCommandExecutor.java:190)
at org.openqa.selenium.remote.service.DriverCommandExecutor.invokeExecute(DriverCommandExecutor.java:216)
at org.openqa.selenium.remote.service.DriverCommandExecutor.execute(DriverCommandExecutor.java:174)
at org.openqa.selenium.remote.RemoteWebDriver.execute(RemoteWebDriver.java:518)
at org.openqa.selenium.remote.RemoteWebElement.execute(RemoteWebElement.java:223)
at org.openqa.selenium.remote.RemoteWebElement.click(RemoteWebElement.java:76)
at org.openqa.selenium.support.ui.Select.setSelected(Select.java:315)
at org.openqa.selenium.support.ui.Select.selectByValue(Select.java:195)
at AmazonScenarios_ParallelTesting.Scenario8.Testcase8(Scenario8.java:17)
at java.base/java.util.ArrayList.forEach(ArrayList.java:1511)
at java.base/java.util.concurrent.FutureTask.run(FutureTask.java:264)
at java.base/java.util.concurrent.ThreadPoolExecutor.runWorker(ThreadPoolExecutor.java:1136)
at java.base/java.util.concurrent.ThreadPoolExecutor$Worker.run(ThreadPoolExecutor.java:635)
at java.base/java.lang.Thread.run(Thread.java:840)
... Removed 23 stack frames]]>
    </failure>
  </testcase> <!-- Testcase8 -->
  <testcase classname="AmazonScenarios_ParallelTesting.Scenario9" name="Testcase9" time="27.301"/>
  <testcase classname="AmazonScenarios_ParallelTesting.Scenario10" name="Testcase10" time="3.447"/>
</testsuite> <!-- ParallelTest_Firefox -->
