<?xml version="1.0" encoding="UTF-8"?>
<!-- Generated by org.testng.reporters.JUnitReportReporter -->
<testsuite hostname="Vigneshwaran" failures="0" tests="3" name="AmazonScenarios_ParallelTesting.Scenario3" time="367.089" errors="1" timestamp="2024-06-21T15:09:13 IST" skipped="0">
  <testcase classname="AmazonScenarios_ParallelTesting.Scenario3" name="Testcase3" time="81.631"/>
  <system-out/>
  <testcase classname="AmazonScenarios_ParallelTesting.Scenario3" name="Testcase3" time="249.585"/>
  <system-out/>
  <testcase classname="AmazonScenarios_ParallelTesting.Scenario3" name="Testcase3" time="35.873">
    <error message="Element &lt;a class=&quot;a-link-normal s-no-outline&quot; href=&quot;/Dell-MS116-1000DPI-Wired-Optical/dp/B01HJI0FS2/ref=sr_1_1?dib=eyJ2IjoiMSJ9.W8tZFxtJZ03BapPcF9pH7sAaCdS7DTfYvpIrm17tjCLjKInYwAwZCbg5ud_dAEr8y1PGlXPQZ0ARuOJzMskj8nKbsTEmT0G1SGmUUpekx833Vwh2YH90AgVTOum-Ild3Tuj2YImErkNQxKTtcfzK54rkPPjG4RQYBs6WZcRV4MdGrVgeyN_HW--PW22t6-P-gq6a-mloyWy0MVwzDPUaUFWK6ajiR1laQ_p9irrCmXU.7ClbFEeWMsL1tS9-bEPqxJmLkjKECEscT9Tn6T4C2qo&amp;dib_tag=se&amp;keywords=mouse&amp;qid=1718962039&amp;refinements=p_90%3A20912642031&amp;rnid=6741116031&amp;sr=8-1&quot;&gt; could not be scrolled into view
Build info: version: &#039;4.21.0&#039;, revision: &#039;79ed462ef4&#039;
System info: os.name: &#039;Windows 10&#039;, os.arch: &#039;amd64&#039;, os.version: &#039;10.0&#039;, java.version: &#039;17.0.10&#039;
Driver info: org.openqa.selenium.firefox.FirefoxDriver
Command: [9bad0bf1-2fc0-438f-b4e6-1679b3a09ba7, clickElement {id=ee7b845f-f4c2-4cc0-b191-c6dbf616c6f9}]
Capabilities {acceptInsecureCerts: true, browserName: firefox, browserVersion: 127.0.1, moz:accessibilityChecks: false, moz:buildID: 20240618110440, moz:debuggerAddress: 127.0.0.1:35218, moz:geckodriverVersion: 0.34.0, moz:headless: false, moz:platformVersion: 10.0, moz:processID: 20496, moz:profile: C:\Users\HP\AppData\Local\T..., moz:shutdownTimeout: 60000, moz:webdriverClick: true, moz:windowless: false, pageLoadStrategy: normal, platformName: windows, proxy: Proxy(), se:cdp: ws://127.0.0.1:35218/devtoo..., se:cdpVersion: 85.0, setWindowRect: true, strictFileInteractability: false, timeouts: {implicit: 0, pageLoad: 300000, script: 30000}, unhandledPromptBehavior: dismiss and notify, userAgent: Mozilla/5.0 (Windows NT 10....}
Element: [[FirefoxDriver: firefox on windows (9bad0bf1-2fc0-438f-b4e6-1679b3a09ba7)] -&gt; xpath: (//a[@class=&#039;a-link-normal s-no-outline&#039;])[2]]
Session ID: 9bad0bf1-2fc0-438f-b4e6-1679b3a09ba7" type="org.openqa.selenium.ElementNotInteractableException">
      <![CDATA[org.openqa.selenium.ElementNotInteractableException: Element <a class="a-link-normal s-no-outline" href="/Dell-MS116-1000DPI-Wired-Optical/dp/B01HJI0FS2/ref=sr_1_1?dib=eyJ2IjoiMSJ9.W8tZFxtJZ03BapPcF9pH7sAaCdS7DTfYvpIrm17tjCLjKInYwAwZCbg5ud_dAEr8y1PGlXPQZ0ARuOJzMskj8nKbsTEmT0G1SGmUUpekx833Vwh2YH90AgVTOum-Ild3Tuj2YImErkNQxKTtcfzK54rkPPjG4RQYBs6WZcRV4MdGrVgeyN_HW--PW22t6-P-gq6a-mloyWy0MVwzDPUaUFWK6ajiR1laQ_p9irrCmXU.7ClbFEeWMsL1tS9-bEPqxJmLkjKECEscT9Tn6T4C2qo&dib_tag=se&keywords=mouse&qid=1718962039&refinements=p_90%3A20912642031&rnid=6741116031&sr=8-1"> could not be scrolled into view
Build info: version: '4.21.0', revision: '79ed462ef4'
System info: os.name: 'Windows 10', os.arch: 'amd64', os.version: '10.0', java.version: '17.0.10'
Driver info: org.openqa.selenium.firefox.FirefoxDriver
Command: [9bad0bf1-2fc0-438f-b4e6-1679b3a09ba7, clickElement {id=ee7b845f-f4c2-4cc0-b191-c6dbf616c6f9}]
Capabilities {acceptInsecureCerts: true, browserName: firefox, browserVersion: 127.0.1, moz:accessibilityChecks: false, moz:buildID: 20240618110440, moz:debuggerAddress: 127.0.0.1:35218, moz:geckodriverVersion: 0.34.0, moz:headless: false, moz:platformVersion: 10.0, moz:processID: 20496, moz:profile: C:\Users\HP\AppData\Local\T..., moz:shutdownTimeout: 60000, moz:webdriverClick: true, moz:windowless: false, pageLoadStrategy: normal, platformName: windows, proxy: Proxy(), se:cdp: ws://127.0.0.1:35218/devtoo..., se:cdpVersion: 85.0, setWindowRect: true, strictFileInteractability: false, timeouts: {implicit: 0, pageLoad: 300000, script: 30000}, unhandledPromptBehavior: dismiss and notify, userAgent: Mozilla/5.0 (Windows NT 10....}
Element: [[FirefoxDriver: firefox on windows (9bad0bf1-2fc0-438f-b4e6-1679b3a09ba7)] -> xpath: (//a[@class='a-link-normal s-no-outline'])[2]]
Session ID: 9bad0bf1-2fc0-438f-b4e6-1679b3a09ba7
at java.base/jdk.internal.reflect.NativeConstructorAccessorImpl.newInstance0(Native Method)
at java.base/jdk.internal.reflect.NativeConstructorAccessorImpl.newInstance(NativeConstructorAccessorImpl.java:77)
at java.base/jdk.internal.reflect.DelegatingConstructorAccessorImpl.newInstance(DelegatingConstructorAccessorImpl.java:45)
at java.base/java.lang.reflect.Constructor.newInstanceWithCaller(Constructor.java:499)
at java.base/java.lang.reflect.Constructor.newInstance(Constructor.java:480)
at org.openqa.selenium.remote.ErrorCodec.decode(ErrorCodec.java:167)
at org.openqa.selenium.remote.codec.w3c.W3CHttpResponseCodec.decode(W3CHttpResponseCodec.java:138)
at org.openqa.selenium.remote.codec.w3c.W3CHttpResponseCodec.decode(W3CHttpResponseCodec.java:50)
at org.openqa.selenium.remote.HttpCommandExecutor.execute(HttpCommandExecutor.java:190)
at org.openqa.selenium.remote.service.DriverCommandExecutor.invokeExecute(DriverCommandExecutor.java:216)
at org.openqa.selenium.remote.service.DriverCommandExecutor.execute(DriverCommandExecutor.java:174)
at org.openqa.selenium.remote.RemoteWebDriver.execute(RemoteWebDriver.java:518)
at org.openqa.selenium.remote.RemoteWebElement.execute(RemoteWebElement.java:223)
at org.openqa.selenium.remote.RemoteWebElement.click(RemoteWebElement.java:76)
at AmazonScenarios_ParallelTesting.Scenario3.Testcase3(Scenario3.java:20)
at java.base/jdk.internal.reflect.NativeMethodAccessorImpl.invoke0(Native Method)
at java.base/jdk.internal.reflect.NativeMethodAccessorImpl.invoke(NativeMethodAccessorImpl.java:77)
at java.base/jdk.internal.reflect.DelegatingMethodAccessorImpl.invoke(DelegatingMethodAccessorImpl.java:43)
at java.base/java.lang.reflect.Method.invoke(Method.java:568)
at org.testng.internal.MethodInvocationHelper.invokeMethod(MethodInvocationHelper.java:133)
at org.testng.internal.TestInvoker.invokeMethod(TestInvoker.java:598)
at org.testng.internal.TestInvoker.invokeTestMethod(TestInvoker.java:173)
at org.testng.internal.MethodRunner.runInSequence(MethodRunner.java:46)
at org.testng.internal.TestInvoker$MethodInvocationAgent.invoke(TestInvoker.java:824)
at org.testng.internal.TestInvoker.invokeTestMethods(TestInvoker.java:146)
at org.testng.internal.TestMethodWorker.invokeTestMethods(TestMethodWorker.java:146)
at org.testng.internal.TestMethodWorker.run(TestMethodWorker.java:128)
at java.base/java.util.ArrayList.forEach(ArrayList.java:1511)
at org.testng.TestRunner.privateRun(TestRunner.java:794)
at org.testng.TestRunner.run(TestRunner.java:596)
at org.testng.SuiteRunner.runTest(SuiteRunner.java:377)
at org.testng.SuiteRunner.access$000(SuiteRunner.java:28)
at org.testng.SuiteRunner$SuiteWorker.run(SuiteRunner.java:418)
at org.testng.internal.thread.ThreadUtil.lambda$execute$0(ThreadUtil.java:64)
at java.base/java.util.concurrent.FutureTask.run(FutureTask.java:264)
at java.base/java.util.concurrent.ThreadPoolExecutor.runWorker(ThreadPoolExecutor.java:1136)
at java.base/java.util.concurrent.ThreadPoolExecutor$Worker.run(ThreadPoolExecutor.java:635)
at java.base/java.lang.Thread.run(Thread.java:840)
]]>
    </error>
  </testcase> <!-- Testcase3 -->
  <system-out/>
</testsuite> <!-- AmazonScenarios_ParallelTesting.Scenario3 -->
