<?xml version="1.0" encoding="UTF-8"?>
<!-- Generated by org.testng.reporters.JUnitReportReporter -->
<testsuite hostname="Vigneshwaran" failures="0" tests="3" name="AmazonScenarios_ParallelTesting.Scenario1" time="193.508" errors="1" timestamp="2024-06-21T15:09:13 IST" skipped="0">
  <testcase classname="AmazonScenarios_ParallelTesting.Scenario1" name="Testcase1" time="56.836"/>
  <system-out/>
  <testcase classname="AmazonScenarios_ParallelTesting.Scenario1" name="Testcase1" time="101.478"/>
  <system-out/>
  <testcase classname="AmazonScenarios_ParallelTesting.Scenario1" name="Testcase1" time="35.194">
    <error message="Element &lt;a class=&quot;a-link-normal s-no-outline&quot; href=&quot;/sspa/click?ie=UTF8&amp;spc=MTo2MzkzMDE0ODc1NzEyMTcyOjE3MTg5NjE5NTM6c3BfYXRmOjMwMDEyNTE0MTA0MjEzMjo6MDo6&amp;url=%2FPower-Shoes-Color-Black-8596143%2Fdp%2FB0BN18J7LK%2Fref%3Dsr_1_1_sspa%3Fcrid%3DHNVP0I96Y6GN%26dib%3DeyJ2IjoiMSJ9.mCoj6l_PCCD8hUamnqPavyQeZoBEV3x1B1VpzB7DAbZacsj36X4d5yV75H2fYVK6AEumRO77SleA8L9Y9kut-N2kdN9NyfjE5NLlD3jXcPtukSusepK66uuOfTI2D98o6aBW8zFiQOQ57TE5VikXhoFhTBuAJVfBvExC5TCnFmnM408BSGCbTgqmXdvU4pjkdHS7-gDa4OE1gg6spTju6JVQkDBwLW6TyBk4k0NpO2hYqg84R7gDJHw-vVVUkoFRObQNNjpgxwHtW7dQq0xOBtNf9FHwHPeK_OWz7mdxytE.40jLF4ZPTJeRkTKTnxUhMP0IrjOqK7f8ZXWeFDHwBJs%26dib_tag%3Dse%26keywords%3Dshoe%26qid%3D1718961953%26sprefix%3Dshoe%252Caps%252C565%26sr%3D8-1-spons%26sp_csd%3Dd2lkZ2V0TmFtZT1zcF9hdGY%26psc%3D1&quot;&gt; could not be scrolled into view
Build info: version: &#039;4.21.0&#039;, revision: &#039;79ed462ef4&#039;
System info: os.name: &#039;Windows 10&#039;, os.arch: &#039;amd64&#039;, os.version: &#039;10.0&#039;, java.version: &#039;17.0.10&#039;
Driver info: org.openqa.selenium.firefox.FirefoxDriver
Command: [da9e5f2f-5231-4088-b5f7-4468c3b7365a, clickElement {id=de9ada77-05ef-4616-828f-687248d35c88}]
Capabilities {acceptInsecureCerts: true, browserName: firefox, browserVersion: 127.0.1, moz:accessibilityChecks: false, moz:buildID: 20240618110440, moz:debuggerAddress: 127.0.0.1:4886, moz:geckodriverVersion: 0.34.0, moz:headless: false, moz:platformVersion: 10.0, moz:processID: 26724, moz:profile: C:\Users\HP\AppData\Local\T..., moz:shutdownTimeout: 60000, moz:webdriverClick: true, moz:windowless: false, pageLoadStrategy: normal, platformName: windows, proxy: Proxy(), se:cdp: ws://127.0.0.1:4886/devtool..., se:cdpVersion: 85.0, setWindowRect: true, strictFileInteractability: false, timeouts: {implicit: 0, pageLoad: 300000, script: 30000}, unhandledPromptBehavior: dismiss and notify, userAgent: Mozilla/5.0 (Windows NT 10....}
Element: [[FirefoxDriver: firefox on windows (da9e5f2f-5231-4088-b5f7-4468c3b7365a)] -&gt; xpath: (//a[@class=&#039;a-link-normal s-no-outline&#039;])[1]]
Session ID: da9e5f2f-5231-4088-b5f7-4468c3b7365a" type="org.openqa.selenium.ElementNotInteractableException">
      <![CDATA[org.openqa.selenium.ElementNotInteractableException: Element <a class="a-link-normal s-no-outline" href="/sspa/click?ie=UTF8&spc=MTo2MzkzMDE0ODc1NzEyMTcyOjE3MTg5NjE5NTM6c3BfYXRmOjMwMDEyNTE0MTA0MjEzMjo6MDo6&url=%2FPower-Shoes-Color-Black-8596143%2Fdp%2FB0BN18J7LK%2Fref%3Dsr_1_1_sspa%3Fcrid%3DHNVP0I96Y6GN%26dib%3DeyJ2IjoiMSJ9.mCoj6l_PCCD8hUamnqPavyQeZoBEV3x1B1VpzB7DAbZacsj36X4d5yV75H2fYVK6AEumRO77SleA8L9Y9kut-N2kdN9NyfjE5NLlD3jXcPtukSusepK66uuOfTI2D98o6aBW8zFiQOQ57TE5VikXhoFhTBuAJVfBvExC5TCnFmnM408BSGCbTgqmXdvU4pjkdHS7-gDa4OE1gg6spTju6JVQkDBwLW6TyBk4k0NpO2hYqg84R7gDJHw-vVVUkoFRObQNNjpgxwHtW7dQq0xOBtNf9FHwHPeK_OWz7mdxytE.40jLF4ZPTJeRkTKTnxUhMP0IrjOqK7f8ZXWeFDHwBJs%26dib_tag%3Dse%26keywords%3Dshoe%26qid%3D1718961953%26sprefix%3Dshoe%252Caps%252C565%26sr%3D8-1-spons%26sp_csd%3Dd2lkZ2V0TmFtZT1zcF9hdGY%26psc%3D1"> could not be scrolled into view
Build info: version: '4.21.0', revision: '79ed462ef4'
System info: os.name: 'Windows 10', os.arch: 'amd64', os.version: '10.0', java.version: '17.0.10'
Driver info: org.openqa.selenium.firefox.FirefoxDriver
Command: [da9e5f2f-5231-4088-b5f7-4468c3b7365a, clickElement {id=de9ada77-05ef-4616-828f-687248d35c88}]
Capabilities {acceptInsecureCerts: true, browserName: firefox, browserVersion: 127.0.1, moz:accessibilityChecks: false, moz:buildID: 20240618110440, moz:debuggerAddress: 127.0.0.1:4886, moz:geckodriverVersion: 0.34.0, moz:headless: false, moz:platformVersion: 10.0, moz:processID: 26724, moz:profile: C:\Users\HP\AppData\Local\T..., moz:shutdownTimeout: 60000, moz:webdriverClick: true, moz:windowless: false, pageLoadStrategy: normal, platformName: windows, proxy: Proxy(), se:cdp: ws://127.0.0.1:4886/devtool..., se:cdpVersion: 85.0, setWindowRect: true, strictFileInteractability: false, timeouts: {implicit: 0, pageLoad: 300000, script: 30000}, unhandledPromptBehavior: dismiss and notify, userAgent: Mozilla/5.0 (Windows NT 10....}
Element: [[FirefoxDriver: firefox on windows (da9e5f2f-5231-4088-b5f7-4468c3b7365a)] -> xpath: (//a[@class='a-link-normal s-no-outline'])[1]]
Session ID: da9e5f2f-5231-4088-b5f7-4468c3b7365a
at java.base/jdk.internal.reflect.NativeConstructorAccessorImpl.newInstance0(Native Method)
at java.base/jdk.internal.reflect.NativeConstructorAccessorImpl.newInstance(NativeConstructorAccessorImpl.java:77)
at java.base/jdk.internal.reflect.DelegatingConstructorAccessorImpl.newInstance(DelegatingConstructorAccessorImpl.java:45)
at java.base/java.lang.reflect.Constructor.newInstanceWithCaller(Constructor.java:499)
at java.base/java.lang.reflect.Constructor.newInstance(Constructor.java:480)
at org.openqa.selenium.remote.ErrorCodec.decode(ErrorCodec.java:167)
at org.openqa.selenium.remote.codec.w3c.W3CHttpResponseCodec.decode(W3CHttpResponseCodec.java:138)
at org.openqa.selenium.remote.codec.w3c.W3CHttpResponseCodec.decode(W3CHttpResponseCodec.java:50)
at org.openqa.selenium.remote.HttpCommandExecutor.execute(HttpCommandExecutor.java:190)
at org.openqa.selenium.remote.service.DriverCommandExecutor.invokeExecute(DriverCommandExecutor.java:216)
at org.openqa.selenium.remote.service.DriverCommandExecutor.execute(DriverCommandExecutor.java:174)
at org.openqa.selenium.remote.RemoteWebDriver.execute(RemoteWebDriver.java:518)
at org.openqa.selenium.remote.RemoteWebElement.execute(RemoteWebElement.java:223)
at org.openqa.selenium.remote.RemoteWebElement.click(RemoteWebElement.java:76)
at AmazonScenarios_ParallelTesting.Scenario1.Testcase1(Scenario1.java:19)
at java.base/jdk.internal.reflect.NativeMethodAccessorImpl.invoke0(Native Method)
at java.base/jdk.internal.reflect.NativeMethodAccessorImpl.invoke(NativeMethodAccessorImpl.java:77)
at java.base/jdk.internal.reflect.DelegatingMethodAccessorImpl.invoke(DelegatingMethodAccessorImpl.java:43)
at java.base/java.lang.reflect.Method.invoke(Method.java:568)
at org.testng.internal.MethodInvocationHelper.invokeMethod(MethodInvocationHelper.java:133)
at org.testng.internal.TestInvoker.invokeMethod(TestInvoker.java:598)
at org.testng.internal.TestInvoker.invokeTestMethod(TestInvoker.java:173)
at org.testng.internal.MethodRunner.runInSequence(MethodRunner.java:46)
at org.testng.internal.TestInvoker$MethodInvocationAgent.invoke(TestInvoker.java:824)
at org.testng.internal.TestInvoker.invokeTestMethods(TestInvoker.java:146)
at org.testng.internal.TestMethodWorker.invokeTestMethods(TestMethodWorker.java:146)
at org.testng.internal.TestMethodWorker.run(TestMethodWorker.java:128)
at java.base/java.util.ArrayList.forEach(ArrayList.java:1511)
at org.testng.TestRunner.privateRun(TestRunner.java:794)
at org.testng.TestRunner.run(TestRunner.java:596)
at org.testng.SuiteRunner.runTest(SuiteRunner.java:377)
at org.testng.SuiteRunner.access$000(SuiteRunner.java:28)
at org.testng.SuiteRunner$SuiteWorker.run(SuiteRunner.java:418)
at org.testng.internal.thread.ThreadUtil.lambda$execute$0(ThreadUtil.java:64)
at java.base/java.util.concurrent.FutureTask.run(FutureTask.java:264)
at java.base/java.util.concurrent.ThreadPoolExecutor.runWorker(ThreadPoolExecutor.java:1136)
at java.base/java.util.concurrent.ThreadPoolExecutor$Worker.run(ThreadPoolExecutor.java:635)
at java.base/java.lang.Thread.run(Thread.java:840)
]]>
    </error>
  </testcase> <!-- Testcase1 -->
  <system-out/>
</testsuite> <!-- AmazonScenarios_ParallelTesting.Scenario1 -->
