<?xml version="1.0" encoding="UTF-8"?>
<!-- Generated by org.testng.reporters.JUnitReportReporter -->
<testsuite hostname="Vigneshwaran" failures="0" tests="3" name="AmazonScenarios_ParallelTesting.Scenario2" time="257.805" errors="1" timestamp="2024-06-21T15:09:13 IST" skipped="0">
  <testcase classname="AmazonScenarios_ParallelTesting.Scenario2" name="Testcase2" time="64.191"/>
  <system-out/>
  <testcase classname="AmazonScenarios_ParallelTesting.Scenario2" name="Testcase2" time="148.662"/>
  <system-out/>
  <testcase classname="AmazonScenarios_ParallelTesting.Scenario2" name="Testcase2" time="44.952">
    <error message="Element &lt;a class=&quot;a-link-normal s-no-outline&quot; href=&quot;/sspa/click?ie=UTF8&amp;spc=MToyMDM3NjUwMTg1MjE4MTcyOjE3MTg5NjIwMDI6c3BfYXRmOjMwMDExODY0NjI2NDgzMjo6MDo6&amp;url=%2FRedmi-Storage-Bezel-Less-Slimmest-Pro-Grade%2Fdp%2FB0CQPGG8KG%2Fref%3Dsr_1_1_sspa%3Fcrid%3DMGJ5I1XAUZI9%26dib%3DeyJ2IjoiMSJ9.y7M5hd-iDtOvnQOKpN9vDILe45e4H636lhkCHxwZo5BRcxKWwtzXfKOmpfs1sBgxwdjH_MdJUpr-ZrI0ura9QIUd2_MXDgaKvDLM0xahRLB0GRzooNwXgiFoij88mR8DlVf4fAKg3CISjDPk_M-MSF2Knn7SVaQIjVtgBBTA4FxDr7eFjg2u6IsDxqZv-kdQ1ZvfWnQByPyAMfHp7pBnswJZPDaYlyuVHjXbBDuDpe8.tm6odtgBjMhrzbivSXnuQsK2ftZY0YBSDZTSzBZJE2k%26dib_tag%3Dse%26keywords%3Dmobile%26qid%3D1718962002%26sprefix%3Dmobile%252Caps%252C1221%26sr%3D8-1-spons%26sp_csd%3Dd2lkZ2V0TmFtZT1zcF9hdGY%26psc%3D1&quot;&gt; could not be scrolled into view
Build info: version: &#039;4.21.0&#039;, revision: &#039;79ed462ef4&#039;
System info: os.name: &#039;Windows 10&#039;, os.arch: &#039;amd64&#039;, os.version: &#039;10.0&#039;, java.version: &#039;17.0.10&#039;
Driver info: org.openqa.selenium.firefox.FirefoxDriver
Command: [8495d55e-5188-4920-9e9d-22caa8c68628, clickElement {id=c15793f3-17e8-4d9a-a0e0-55a2ddb3623a}]
Capabilities {acceptInsecureCerts: true, browserName: firefox, browserVersion: 127.0.1, moz:accessibilityChecks: false, moz:buildID: 20240618110440, moz:debuggerAddress: 127.0.0.1:38344, moz:geckodriverVersion: 0.34.0, moz:headless: false, moz:platformVersion: 10.0, moz:processID: 16616, moz:profile: C:\Users\HP\AppData\Local\T..., moz:shutdownTimeout: 60000, moz:webdriverClick: true, moz:windowless: false, pageLoadStrategy: normal, platformName: windows, proxy: Proxy(), se:cdp: ws://127.0.0.1:38344/devtoo..., se:cdpVersion: 85.0, setWindowRect: true, strictFileInteractability: false, timeouts: {implicit: 0, pageLoad: 300000, script: 30000}, unhandledPromptBehavior: dismiss and notify, userAgent: Mozilla/5.0 (Windows NT 10....}
Element: [[FirefoxDriver: firefox on windows (8495d55e-5188-4920-9e9d-22caa8c68628)] -&gt; xpath: (//a[@class=&#039;a-link-normal s-no-outline&#039;])[1]]
Session ID: 8495d55e-5188-4920-9e9d-22caa8c68628" type="org.openqa.selenium.ElementNotInteractableException">
      <![CDATA[org.openqa.selenium.ElementNotInteractableException: Element <a class="a-link-normal s-no-outline" href="/sspa/click?ie=UTF8&spc=MToyMDM3NjUwMTg1MjE4MTcyOjE3MTg5NjIwMDI6c3BfYXRmOjMwMDExODY0NjI2NDgzMjo6MDo6&url=%2FRedmi-Storage-Bezel-Less-Slimmest-Pro-Grade%2Fdp%2FB0CQPGG8KG%2Fref%3Dsr_1_1_sspa%3Fcrid%3DMGJ5I1XAUZI9%26dib%3DeyJ2IjoiMSJ9.y7M5hd-iDtOvnQOKpN9vDILe45e4H636lhkCHxwZo5BRcxKWwtzXfKOmpfs1sBgxwdjH_MdJUpr-ZrI0ura9QIUd2_MXDgaKvDLM0xahRLB0GRzooNwXgiFoij88mR8DlVf4fAKg3CISjDPk_M-MSF2Knn7SVaQIjVtgBBTA4FxDr7eFjg2u6IsDxqZv-kdQ1ZvfWnQByPyAMfHp7pBnswJZPDaYlyuVHjXbBDuDpe8.tm6odtgBjMhrzbivSXnuQsK2ftZY0YBSDZTSzBZJE2k%26dib_tag%3Dse%26keywords%3Dmobile%26qid%3D1718962002%26sprefix%3Dmobile%252Caps%252C1221%26sr%3D8-1-spons%26sp_csd%3Dd2lkZ2V0TmFtZT1zcF9hdGY%26psc%3D1"> could not be scrolled into view
Build info: version: '4.21.0', revision: '79ed462ef4'
System info: os.name: 'Windows 10', os.arch: 'amd64', os.version: '10.0', java.version: '17.0.10'
Driver info: org.openqa.selenium.firefox.FirefoxDriver
Command: [8495d55e-5188-4920-9e9d-22caa8c68628, clickElement {id=c15793f3-17e8-4d9a-a0e0-55a2ddb3623a}]
Capabilities {acceptInsecureCerts: true, browserName: firefox, browserVersion: 127.0.1, moz:accessibilityChecks: false, moz:buildID: 20240618110440, moz:debuggerAddress: 127.0.0.1:38344, moz:geckodriverVersion: 0.34.0, moz:headless: false, moz:platformVersion: 10.0, moz:processID: 16616, moz:profile: C:\Users\HP\AppData\Local\T..., moz:shutdownTimeout: 60000, moz:webdriverClick: true, moz:windowless: false, pageLoadStrategy: normal, platformName: windows, proxy: Proxy(), se:cdp: ws://127.0.0.1:38344/devtoo..., se:cdpVersion: 85.0, setWindowRect: true, strictFileInteractability: false, timeouts: {implicit: 0, pageLoad: 300000, script: 30000}, unhandledPromptBehavior: dismiss and notify, userAgent: Mozilla/5.0 (Windows NT 10....}
Element: [[FirefoxDriver: firefox on windows (8495d55e-5188-4920-9e9d-22caa8c68628)] -> xpath: (//a[@class='a-link-normal s-no-outline'])[1]]
Session ID: 8495d55e-5188-4920-9e9d-22caa8c68628
at java.base/jdk.internal.reflect.NativeConstructorAccessorImpl.newInstance0(Native Method)
at java.base/jdk.internal.reflect.NativeConstructorAccessorImpl.newInstance(NativeConstructorAccessorImpl.java:77)
at java.base/jdk.internal.reflect.DelegatingConstructorAccessorImpl.newInstance(DelegatingConstructorAccessorImpl.java:45)
at java.base/java.lang.reflect.Constructor.newInstanceWithCaller(Constructor.java:499)
at java.base/java.lang.reflect.Constructor.newInstance(Constructor.java:480)
at org.openqa.selenium.remote.ErrorCodec.decode(ErrorCodec.java:167)
at org.openqa.selenium.remote.codec.w3c.W3CHttpResponseCodec.decode(W3CHttpResponseCodec.java:138)
at org.openqa.selenium.remote.codec.w3c.W3CHttpResponseCodec.decode(W3CHttpResponseCodec.java:50)
at org.openqa.selenium.remote.HttpCommandExecutor.execute(HttpCommandExecutor.java:190)
at org.openqa.selenium.remote.service.DriverCommandExecutor.invokeExecute(DriverCommandExecutor.java:216)
at org.openqa.selenium.remote.service.DriverCommandExecutor.execute(DriverCommandExecutor.java:174)
at org.openqa.selenium.remote.RemoteWebDriver.execute(RemoteWebDriver.java:518)
at org.openqa.selenium.remote.RemoteWebElement.execute(RemoteWebElement.java:223)
at org.openqa.selenium.remote.RemoteWebElement.click(RemoteWebElement.java:76)
at AmazonScenarios_ParallelTesting.Scenario2.Testcase2(Scenario2.java:18)
at java.base/jdk.internal.reflect.NativeMethodAccessorImpl.invoke0(Native Method)
at java.base/jdk.internal.reflect.NativeMethodAccessorImpl.invoke(NativeMethodAccessorImpl.java:77)
at java.base/jdk.internal.reflect.DelegatingMethodAccessorImpl.invoke(DelegatingMethodAccessorImpl.java:43)
at java.base/java.lang.reflect.Method.invoke(Method.java:568)
at org.testng.internal.MethodInvocationHelper.invokeMethod(MethodInvocationHelper.java:133)
at org.testng.internal.TestInvoker.invokeMethod(TestInvoker.java:598)
at org.testng.internal.TestInvoker.invokeTestMethod(TestInvoker.java:173)
at org.testng.internal.MethodRunner.runInSequence(MethodRunner.java:46)
at org.testng.internal.TestInvoker$MethodInvocationAgent.invoke(TestInvoker.java:824)
at org.testng.internal.TestInvoker.invokeTestMethods(TestInvoker.java:146)
at org.testng.internal.TestMethodWorker.invokeTestMethods(TestMethodWorker.java:146)
at org.testng.internal.TestMethodWorker.run(TestMethodWorker.java:128)
at java.base/java.util.ArrayList.forEach(ArrayList.java:1511)
at org.testng.TestRunner.privateRun(TestRunner.java:794)
at org.testng.TestRunner.run(TestRunner.java:596)
at org.testng.SuiteRunner.runTest(SuiteRunner.java:377)
at org.testng.SuiteRunner.access$000(SuiteRunner.java:28)
at org.testng.SuiteRunner$SuiteWorker.run(SuiteRunner.java:418)
at org.testng.internal.thread.ThreadUtil.lambda$execute$0(ThreadUtil.java:64)
at java.base/java.util.concurrent.FutureTask.run(FutureTask.java:264)
at java.base/java.util.concurrent.ThreadPoolExecutor.runWorker(ThreadPoolExecutor.java:1136)
at java.base/java.util.concurrent.ThreadPoolExecutor$Worker.run(ThreadPoolExecutor.java:635)
at java.base/java.lang.Thread.run(Thread.java:840)
]]>
    </error>
  </testcase> <!-- Testcase2 -->
  <system-out/>
</testsuite> <!-- AmazonScenarios_ParallelTesting.Scenario2 -->
